<?xml version="1.0" encoding="UTF-8"?>
<!-- Generated by org.testng.reporters.JUnitXMLReporter -->
<testsuite ignored="0" hostname="SWARAJ" failures="0" tests="11" name="Default test" time="33.667" errors="0" timestamp="2023-04-18T17:54:12 IST">
  <testcase classname="com.TestLayer.ContactPageTest" name="testContactPage" time="0.217"/>
  <testcase classname="com.TestLayer.ContactPageTest" name="verifyCompanyName" time="1.052"/>
  <testcase classname="com.TestLayer.ContactPageTest" name="verifyFirstName" time="0.58"/>
  <testcase classname="com.TestLayer.ContactPageTest" name="verifyLastName" time="0.613"/>
  <testcase classname="com.TestLayer.ContactPageTest" name="verifyWorkMail" time="0.749"/>
  <testcase classname="com.TestLayer.ContactPageTest" name="verifyPhone" time="0.544"/>
  <testcase classname="com.TestLayer.ContactPageTest" name="verifyCountry" time="0.389"/>
  <testcase classname="com.TestLayer.ContactPageTest" name="veryfyEnquiryDetails" time="0.497"/>
  <testcase classname="com.TestLayer.ContactPageTest" name="verifyAboutUs" time="0.485"/>
  <testcase classname="com.TestLayer.ContactPageTest" name="clickOnCheck" time="0.193"/>
  <testcase classname="com.TestLayer.ContactPageTest" name="takeSS" time="0.412"/>
</testsuite> <!-- Default test -->
