<?xml version="1.0" encoding="UTF-8"?>
<!-- Generated by org.testng.reporters.JUnitXMLReporter -->
<testsuite ignored="0" hostname="SWARAJ" failures="0" tests="11" name="Test" time="16.076" errors="0" timestamp="2023-04-18T20:56:24 IST">
  <testcase classname="com.TestLayer.ContactPageTest" name="testContactPage" time="0.077"/>
  <testcase classname="com.TestLayer.ContactPageTest" name="verifyCompanyName" time="0.624"/>
  <testcase classname="com.TestLayer.ContactPageTest" name="verifyFirstName" time="0.417"/>
  <testcase classname="com.TestLayer.ContactPageTest" name="verifyLastName" time="0.333"/>
  <testcase classname="com.TestLayer.ContactPageTest" name="verifyWorkMail" time="0.384"/>
  <testcase classname="com.TestLayer.ContactPageTest" name="verifyPhone" time="0.335"/>
  <testcase classname="com.TestLayer.ContactPageTest" name="verifyCountry" time="0.303"/>
  <testcase classname="com.TestLayer.ContactPageTest" name="veryfyEnquiryDetails" time="0.327"/>
  <testcase classname="com.TestLayer.ContactPageTest" name="verifyAboutUs" time="0.306"/>
  <testcase classname="com.TestLayer.ContactPageTest" name="clickOnCheck" time="0.119"/>
  <testcase classname="com.TestLayer.ContactPageTest" name="takeSS" time="0.341"/>
</testsuite> <!-- Test -->
